<?xml version="1.0" encoding="UTF-8"?>
<!-- Generated by org.testng.reporters.JUnitReportReporter -->
<testsuite hostname="DESKTOP-BC6U4CD" failures="0" tests="2" name="tests.SauceDemoLoginTest" time="3.593" errors="0" timestamp="2022-02-02T16:00:40 EST" skipped="0">
  <testcase classname="tests.SauceDemoLoginTest" name="sauceDemoTestcase1" time="1.483"/>
  <system-out/>
  <testcase classname="tests.SauceDemoLoginTest" name="sauceDemoTestcase2" time="2.110"/>
  <system-out/>
</testsuite> <!-- tests.SauceDemoLoginTest -->
