<?xml version="1.0" encoding="UTF-8"?>
<!-- Generated by org.testng.reporters.JUnitReportReporter -->
<testsuite hostname="DESKTOP-BC6U4CD" failures="0" tests="5" name="tests.AmazonPractice" time="35.320" errors="0" timestamp="2022-02-03T12:45:23 EST" skipped="0">
  <testcase classname="tests.AmazonPractice" name="AmazonAutomation" time="7.421"/>
  <system-out/>
  <testcase classname="tests.AmazonPractice" name="AmazonAutomation" time="9.462"/>
  <system-out/>
  <testcase classname="tests.AmazonPractice" name="AmazonAutomation" time="5.482"/>
  <system-out/>
  <testcase classname="tests.AmazonPractice" name="AmazonAutomation" time="5.931"/>
  <system-out/>
  <testcase classname="tests.AmazonPractice" name="AmazonAutomation" time="7.024"/>
  <system-out/>
</testsuite> <!-- tests.AmazonPractice -->
