<?xml version="1.0" encoding="UTF-8"?>
<!-- Generated by org.testng.reporters.JUnitReportReporter -->
<testsuite hostname="DESKTOP-BC6U4CD" failures="0" tests="7" name="tests.AmazonSearchTests" time="6.501" errors="0" timestamp="2022-02-02T18:40:09 EST" skipped="0">
  <testcase classname="tests.AmazonSearchTests" name="objectData" time="0.926"/>
  <system-out/>
  <testcase classname="tests.AmazonSearchTests" name="objectData" time="1.014"/>
  <system-out/>
  <testcase classname="tests.AmazonSearchTests" name="objectData" time="0.785"/>
  <system-out/>
  <testcase classname="tests.AmazonSearchTests" name="objectData" time="1.397"/>
  <system-out/>
  <testcase classname="tests.AmazonSearchTests" name="objectData" time="0.760"/>
  <system-out/>
  <testcase classname="tests.AmazonSearchTests" name="objectData" time="0.779"/>
  <system-out/>
  <testcase classname="tests.AmazonSearchTests" name="objectData" time="0.840"/>
  <system-out/>
</testsuite> <!-- tests.AmazonSearchTests -->
